# JRE version: OpenJDK Runtime Environment (17.0.6) (build 17.0.6+0-b2043.56-10027231)
# Java VM: OpenJDK 64-Bit Server VM (17.0.6+0-b2043.56-10027231, mixed mode, tiered, compressed oops, compressed class ptrs, g1 gc, windows-amd64)
GC Precious Log:
 CPUs: 4 total, 4 available
 Memory: 16178M
 Large Page Support: Disabled
 NUMA Support: Disabled
 Compressed Oops: Enabled (32-bit)
 Heap Region Size: 1M
 Heap Min Capacity: 8M
 Heap Initial Capacity: 254M
 Heap Max Capacity: 2G
 Pre-touch: Disabled
 Parallel Workers: 4
 Concurrent Workers: 1
 Concurrent Refinement Workers: 4
 Periodic GC: Disabled
Heap:
 garbage-first heap   total 401408K, used 226919K [0x0000000080000000, 0x0000000100000000)
  region size 1024K, 3 young (3072K), 3 survivors (3072K)
 Metaspace       used 171089K, committed 172224K, reserved 577536K
  class space    used 21224K, committed 21696K, reserved 421888K
GC Heap History (20 events):
Event: 222.338 GC heap after
{Heap after GC invocations=153 (full 0):
 garbage-first heap   total 331776K, used 196671K [0x0000000080000000, 0x0000000100000000)
  region size 1024K, 14 young (14336K), 14 survivors (14336K)
 Metaspace       used 162938K, committed 163840K, reserved 569344K
  class space    used 20057K, committed 20480K, reserved 421888K
}
Event: 223.105 GC heap before
{Heap before GC invocations=153 (full 0):
 garbage-first heap   total 331776K, used 279615K [0x0000000080000000, 0x0000000100000000)
  region size 1024K, 95 young (97280K), 14 survivors (14336K)
 Metaspace       used 163473K, committed 164416K, reserved 569344K
  class space    used 20095K, committed 20544K, reserved 421888K
}
Event: 223.126 GC heap after
{Heap after GC invocations=154 (full 0):
 garbage-first heap   total 331776K, used 208842K [0x0000000080000000, 0x0000000100000000)
  region size 1024K, 12 young (12288K), 12 survivors (12288K)
 Metaspace       used 163473K, committed 164416K, reserved 569344K
  class space    used 20095K, committed 20544K, reserved 421888K
}
Event: 224.762 GC heap before
{Heap before GC invocations=154 (full 0):
 garbage-first heap   total 331776K, used 279498K [0x0000000080000000, 0x0000000100000000)
  region size 1024K, 81 young (82944K), 12 survivors (12288K)
 Metaspace       used 164451K, committed 165440K, reserved 569344K
  class space    used 20237K, committed 20672K, reserved 421888K
}
Event: 224.772 GC heap after
{Heap after GC invocations=155 (full 0):
 garbage-first heap   total 331776K, used 203748K [0x0000000080000000, 0x0000000100000000)
  region size 1024K, 3 young (3072K), 3 survivors (3072K)
 Metaspace       used 164451K, committed 165440K, reserved 569344K
  class space    used 20237K, committed 20672K, reserved 421888K
}
Event: 232.984 GC heap before
{Heap before GC invocations=155 (full 0):
 garbage-first heap   total 331776K, used 279524K [0x0000000080000000, 0x0000000100000000)
  region size 1024K, 77 young (78848K), 3 survivors (3072K)
 Metaspace       used 168635K, committed 169664K, reserved 577536K
  class space    used 20862K, committed 21312K, reserved 421888K
}
Event: 232.995 GC heap after
{Heap after GC invocations=156 (full 0):
 garbage-first heap   total 331776K, used 208770K [0x0000000080000000, 0x0000000100000000)
  region size 1024K, 8 young (8192K), 8 survivors (8192K)
 Metaspace       used 168635K, committed 169664K, reserved 577536K
  class space    used 20862K, committed 21312K, reserved 421888K
}
Event: 234.610 GC heap before
{Heap before GC invocations=156 (full 0):
 garbage-first heap   total 331776K, used 286594K [0x0000000080000000, 0x0000000100000000)
  region size 1024K, 78 young (79872K), 8 survivors (8192K)
 Metaspace       used 170025K, committed 171072K, reserved 577536K
  class space    used 21133K, committed 21568K, reserved 421888K
}
Event: 234.630 GC heap after
{Heap after GC invocations=157 (full 0):
 garbage-first heap   total 331776K, used 238859K [0x0000000080000000, 0x0000000100000000)
  region size 1024K, 10 young (10240K), 10 survivors (10240K)
 Metaspace       used 170025K, committed 171072K, reserved 577536K
  class space    used 21133K, committed 21568K, reserved 421888K
}
Event: 235.318 GC heap before
{Heap before GC invocations=157 (full 0):
 garbage-first heap   total 331776K, used 271627K [0x0000000080000000, 0x0000000100000000)
  region size 1024K, 43 young (44032K), 10 survivors (10240K)
 Metaspace       used 170996K, committed 172096K, reserved 577536K
  class space    used 21219K, committed 21696K, reserved 421888K
}
Event: 235.335 GC heap after
{Heap after GC invocations=158 (full 0):
 garbage-first heap   total 331776K, used 242635K [0x0000000080000000, 0x0000000100000000)
  region size 1024K, 4 young (4096K), 4 survivors (4096K)
 Metaspace       used 170996K, committed 172096K, reserved 577536K
  class space    used 21219K, committed 21696K, reserved 421888K
}
Event: 235.480 GC heap before
{Heap before GC invocations=158 (full 0):
 garbage-first heap   total 331776K, used 275403K [0x0000000080000000, 0x0000000100000000)
  region size 1024K, 36 young (36864K), 4 survivors (4096K)
 Metaspace       used 171099K, committed 172224K, reserved 577536K
  class space    used 21225K, committed 21696K, reserved 421888K
}
Event: 235.485 GC heap after
{Heap after GC invocations=159 (full 0):
 garbage-first heap   total 331776K, used 243711K [0x0000000080000000, 0x0000000100000000)
  region size 1024K, 1 young (1024K), 1 survivors (1024K)
 Metaspace       used 171099K, committed 172224K, reserved 577536K
  class space    used 21225K, committed 21696K, reserved 421888K
}
Event: 235.590 GC heap before
{Heap before GC invocations=159 (full 0):
 garbage-first heap   total 331776K, used 278527K [0x0000000080000000, 0x0000000100000000)
  region size 1024K, 35 young (35840K), 1 survivors (1024K)
 Metaspace       used 171101K, committed 172224K, reserved 577536K
  class space    used 21225K, committed 21696K, reserved 421888K
}
Event: 235.593 GC heap after
{Heap after GC invocations=160 (full 0):
 garbage-first heap   total 331776K, used 243782K [0x0000000080000000, 0x0000000100000000)
  region size 1024K, 2 young (2048K), 2 survivors (2048K)
 Metaspace       used 171101K, committed 172224K, reserved 577536K
  class space    used 21225K, committed 21696K, reserved 421888K
}
Event: 235.749 GC heap before
{Heap before GC invocations=160 (full 0):
 garbage-first heap   total 401408K, used 272454K [0x0000000080000000, 0x0000000100000000)
  region size 1024K, 37 young (37888K), 2 survivors (2048K)
 Metaspace       used 171080K, committed 172224K, reserved 577536K
  class space    used 21219K, committed 21696K, reserved 421888K
}
Event: 235.752 GC heap after
{Heap after GC invocations=161 (full 0):
 garbage-first heap   total 401408K, used 234917K [0x0000000080000000, 0x0000000100000000)
  region size 1024K, 2 young (2048K), 2 survivors (2048K)
 Metaspace       used 171080K, committed 172224K, reserved 577536K
  class space    used 21219K, committed 21696K, reserved 421888K
}
Event: 235.866 GC heap before
{Heap before GC invocations=162 (full 0):
 garbage-first heap   total 401408K, used 303525K [0x0000000080000000, 0x0000000100000000)
  region size 1024K, 69 young (70656K), 2 survivors (2048K)
 Metaspace       used 171089K, committed 172224K, reserved 577536K
  class space    used 21224K, committed 21696K, reserved 421888K
}
Event: 235.870 GC heap after
{Heap after GC invocations=163 (full 0):
 garbage-first heap   total 401408K, used 235661K [0x0000000080000000, 0x0000000100000000)
  region size 1024K, 3 young (3072K), 3 survivors (3072K)
 Metaspace       used 171089K, committed 172224K, reserved 577536K
  class space    used 21224K, committed 21696K, reserved 421888K
}
Event: 235.890 GC heap before
{Heap before GC invocations=163 (full 0):
 garbage-first heap   total 401408K, used 251021K [0x0000000080000000, 0x0000000100000000)
  region size 1024K, 20 young (20480K), 3 survivors (3072K)
 Metaspace       used 171089K, committed 172224K, reserved 577536K
  class space    used 21224K, committed 21696K, reserved 421888K
}

